<?xml version="1.0" encoding="UTF-8"?>
<testng-results skipped="0" failed="0" ignored="0" total="1" passed="1">
  <reporter-output>
  </reporter-output>
  <suite name="Default suite" duration-ms="39354" started-at="2021-05-12T19:55:53 IST" finished-at="2021-05-12T19:56:33 IST">
    <groups>
    </groups>
    <test name="Default test" duration-ms="39354" started-at="2021-05-12T19:55:53 IST" finished-at="2021-05-12T19:56:33 IST">
      <class name="testcases.Rediff_LoginPage">
        <test-method status="PASS" signature="Test1()[pri:0, instance:testcases.Rediff_LoginPage@6321e813]" name="Test1" duration-ms="39286" started-at="2021-05-12T19:55:53 IST" finished-at="2021-05-12T19:56:33 IST">
          <reporter-output>
          </reporter-output>
        </test-method> <!-- Test1 -->
      </class> <!-- testcases.Rediff_LoginPage -->
    </test> <!-- Default test -->
  </suite> <!-- Default suite -->
</testng-results>
